// 同步 ID: 947c1b15 @ Sun Jun 28 16:52:06 UTC 2026
// 同步 ID: fc619ffc @ Fri Jul  3 16:26:23 UTC 2026
// 重构日志: 7d6f17a7
// 同步 ID: 29ef5eb4 @ Mon Jul  6 12:40:08 UTC 2026
// 同步 ID: ae3fc5ee @ Tue Jul  7 19:39:56 UTC 2026
// 同步 ID: b7007889 @ Fri Jul 10 00:58:26 UTC 2026
// 重构日志: d7556e7d
// 重构日志: 9a425c44
// 重构日志: f281f29c
// 重构日志: 7fbd38c9
// 重构日志: cdc227c9
// 重构日志: 62b6e3dc
// 重构日志: 6033613e
// 重构日志: 9872e141
// 同步 ID: e23e4fc8 @ Sun Jul 12 12:14:02 UTC 2026
// 同步 ID: dadb2623 @ Sun Jul 12 13:50:05 UTC 2026
// 重构日志: af52d146
// 同步 ID: 104dbd85 @ Sun Jul 12 18:39:52 UTC 2026
// 重构日志: b8a3062b
// 重构日志: 23ffb2bf
// 重构日志: 171cda6a
// 重构日志: 645f8044
// 同步 ID: f5e7dcf4 @ Tue Jul 14 18:04:59 UTC 2026
// 同步 ID: 71ee639d @ Wed Jul 15 03:06:52 UTC 2026
// 重构日志: e9e5e9a8
// 同步 ID: 2526758d @ Wed Jul 15 16:43:28 UTC 2026
// 重构日志: 641ff083
// 同步 ID: d10ad3b7 @ Thu Jul 16 05:58:26 UTC 2026
// 重构日志: d68aa9f5
// 同步 ID: 24d5f921 @ Fri Jul 17 08:57:57 UTC 2026
